\BOOKMARK [1][]{section*.1}{\376\377\000P\000e\000r\000s\000o\000n\000a\000l\000\040\000D\000e\000t\000a\000i\000l\000s}{}% 1
\BOOKMARK [1][]{section*.2}{\376\377\000D\000a\000t\000a\000\040\000S\000c\000i\000e\000n\000t\000i\000s\000t}{}% 2
\BOOKMARK [2][]{section*.3}{\376\377\000C\000u\000s\000t\000o\000m\000e\000r\000\040\000F\000a\000c\000i\000n\000g\000\040\000D\000a\000t\000a\000\040\000S\000c\000i\000e\000n\000t\000i\000s\000t\000\040\000f\000o\000r\000\040\000P\000r\000o\000o\000f\000\040\000o\000f\000\040\000C\000o\000n\000c\000e\000p\000t\000s}{section*.2}% 3
\BOOKMARK [2][]{section*.4}{\376\377\000P\000r\000o\000j\000e\000c\000t\000s\000\040\000w\000i\000t\000h\000\040\000F\000o\000c\000u\000s\000\040\000o\000n\000\040\000M\000a\000c\000h\000i\000n\000e\000\040\000L\000e\000a\000r\000n\000i\000n\000g\000\040\000O\000p\000e\000r\000a\000t\000i\000o\000n\000s}{section*.2}% 4
\BOOKMARK [2][]{section*.5}{\376\377\000P\000r\000o\000d\000u\000c\000t\000\040\000P\000o\000r\000t\000f\000o\000l\000i\000o\000\040\000D\000e\000v\000e\000l\000o\000p\000m\000e\000n\000t}{section*.2}% 5
\BOOKMARK [2][]{section*.6}{\376\377\000A\000d\000d\000i\000t\000i\000o\000n\000a\000l\000\040\000T\000a\000s\000k\000s}{section*.2}% 6
\BOOKMARK [2][]{section*.7}{\376\377\000M\000a\000i\000n\000\040\000T\000e\000c\000h\000n\000o\000l\000o\000g\000i\000e\000s\000\040\000a\000n\000d\000\040\000T\000o\000o\000l\000s}{section*.2}% 7
\BOOKMARK [1][]{section*.8}{\376\377\000I\000T\000\040\000C\000o\000n\000s\000u\000l\000t\000a\000n\000t}{}% 8
\BOOKMARK [2][]{section*.9}{\376\377\000T\000a\000s\000k\000s}{section*.8}% 9
\BOOKMARK [2][]{section*.10}{\376\377\000M\000a\000i\000n\000\040\000T\000e\000c\000h\000n\000o\000l\000o\000g\000i\000e\000s\000\040\000a\000n\000d\000\040\000T\000o\000o\000l\000s}{section*.8}% 10
\BOOKMARK [1][]{section*.11}{\376\377\000R\000e\000s\000e\000a\000r\000c\000h\000\040\000A\000s\000s\000i\000s\000t\000a\000n\000t\000\040\000\046\000\040\000P\000h\000D\000\040\000S\000t\000u\000d\000e\000n\000t\000\040\000\050\000A\000c\000a\000d\000e\000m\000i\000c\000\040\000d\000e\000g\000r\000e\000e\000:\000D\000r\000.\000r\000e\000r\000.\000n\000a\000t\000.\000\051}{}% 11
\BOOKMARK [2][]{section*.12}{\376\377\000T\000a\000s\000k\000s}{section*.11}% 12
\BOOKMARK [2][]{section*.13}{\376\377\000P\000u\000b\000l\000i\000c\000a\000t\000i\000o\000n\000s}{section*.11}% 13
\BOOKMARK [1][]{section*.14}{\376\377\000A\000c\000a\000d\000e\000m\000i\000c\000\040\000S\000t\000u\000d\000i\000e\000s}{}% 14
\BOOKMARK [2][]{section*.15}{\376\377\000M\000a\000s\000t\000e\000r\000'\000s\000\040\000D\000e\000g\000r\000e\000e\000\040\000P\000r\000o\000g\000r\000a\000m\000\040\000i\000n\000\040\000P\000h\000y\000s\000i\000c\000s\000\040\000\050\000A\000c\000a\000d\000e\000m\000i\000c\000\040\000D\000e\000g\000r\000e\000e\000:\000\040\000M\000.\000S\000c\000.\000\051}{section*.14}% 15
\BOOKMARK [2][]{section*.16}{\376\377\000B\000a\000c\000h\000e\000l\000o\000r\000'\000s\000\040\000D\000e\000g\000r\000e\000e\000\040\000P\000r\000o\000g\000r\000a\000m\000\040\000i\000n\000\040\000P\000h\000y\000s\000i\000c\000s\000\040\000\050\000A\000c\000a\000d\000e\000m\000i\000c\000\040\000D\000e\000g\000r\000e\000e\000:\000\040\000B\000.\000S\000c\000.\000\051}{section*.14}% 16
\BOOKMARK [1][]{section*.17}{\376\377\000S\000c\000h\000o\000o\000l\000\040\000E\000d\000u\000c\000a\000t\000i\000o\000n}{}% 17
\BOOKMARK [1][]{section*.18}{\376\377\000L\000a\000n\000g\000u\000a\000g\000e\000\040\000S\000k\000i\000l\000l\000s}{}% 18
\BOOKMARK [1][]{section*.19}{\376\377\000T\000e\000c\000h\000n\000i\000c\000a\000l\000\040\000S\000k\000i\000l\000l\000s}{}% 19
\BOOKMARK [1][]{section*.20}{\376\377\000C\000e\000r\000t\000i\000f\000i\000c\000a\000t\000e\000s}{}% 20
